2009-09-18 13:21:55.575/CEST [main] WARN  Input stream was not available!
2009-09-18 13:21:55.593/CEST [main] WARN  Could not read the translation '/javax/i18n4j/lib/I18NJavaParserTest.en.tr' for context javax.i18n4j.lib.I18NJavaParserTest!
2009-09-18 13:21:55.596/CEST [main] WARN  Input stream was not available!
2009-09-18 13:21:55.596/CEST [main] WARN  Could not read the translation '/javax/i18n4j/lib/TranslatorTest.en.tr' for context javax.i18n4j.lib.TranslatorTest!
2009-09-18 13:21:55.685/CEST [main] WARN  Input stream was not available!
2009-09-18 13:21:55.686/CEST [main] WARN  Could not read the translation '/javax/i18n4j/lib/MessageFormatTest.en.tr' for context javax.i18n4j.lib.MessageFormatTest!
2009-09-19 11:40:08.652/CEST [main] WARN  Input stream was not available!
2009-09-19 11:40:08.667/CEST [main] WARN  Could not read the translation '/javax/i18n4j/apps/I18NUpdate.en.tr' for context javax.i18n4j.apps.I18NUpdate!
2009-09-19 11:40:08.694/CEST [main] INFO  Process file ./src/javax/i18n4j/apps/I18NUpdate.java...
2009-09-19 11:40:08.695/CEST [main] INFO  Scanning ./src/javax/i18n4j/apps/I18NUpdate.java...
2009-09-19 11:40:08.792/CEST [main] INFO  Read ./res/javax/i18n4j/apps/I18NUpdate.tr for translations...
2009-09-19 11:40:08.794/CEST [main] WARN  File ./res/javax/i18n4j/apps/I18NUpdate.tr could not be found!
java.io.FileNotFoundException: File ./res/javax/i18n4j/apps/I18NUpdate.tr could not be found!
	at javax.i18n4j.I18NFile.readWithJAXB(I18NFile.java:79)
	at javax.i18n4j.apps.I18NUpdate.readTranslations(I18NUpdate.java:119)
	at javax.i18n4j.apps.I18NUpdate.addNewSourcesToExistingFile(I18NUpdate.java:109)
	at javax.i18n4j.apps.I18NUpdate.processFile(I18NUpdate.java:92)
	at javax.i18n4j.apps.I18NUpdate.processFiles(I18NUpdate.java:81)
	at javax.i18n4j.apps.I18NUpdate.update(I18NUpdate.java:70)
	at javax.i18n4j.apps.I18NUpdate.main(I18NUpdate.java:136)
2009-09-19 11:40:08.796/CEST [main] INFO  Write translations to ./res/javax/i18n4j/apps/I18NUpdate.tr
2009-09-19 11:40:08.932/CEST [main] INFO  Process file ./src/javax/i18n4j/LanguageSet.java...
2009-09-19 11:40:08.933/CEST [main] INFO  Scanning ./src/javax/i18n4j/LanguageSet.java...
2009-09-19 11:40:08.984/CEST [main] INFO  Process file ./src/javax/i18n4j/MultiLanguageTranslations.java...
2009-09-19 11:40:08.985/CEST [main] INFO  Scanning ./src/javax/i18n4j/MultiLanguageTranslations.java...
2009-09-19 11:40:09.022/CEST [main] INFO  Process file ./src/javax/i18n4j/FileSearch.java...
2009-09-19 11:40:09.023/CEST [main] INFO  Scanning ./src/javax/i18n4j/FileSearch.java...
2009-09-19 11:40:09.032/CEST [main] INFO  Process file ./src/javax/i18n4j/SourceLocation.java...
2009-09-19 11:40:09.033/CEST [main] INFO  Scanning ./src/javax/i18n4j/SourceLocation.java...
2009-09-19 11:40:09.055/CEST [main] INFO  Process file ./src/javax/i18n4j/I18NJavaParser.java...
2009-09-19 11:40:09.056/CEST [main] INFO  Scanning ./src/javax/i18n4j/I18NJavaParser.java...
2009-09-19 11:40:09.143/CEST [main] INFO  Read ./res/javax/i18n4j/I18NJavaParser.tr for translations...
2009-09-19 11:40:09.144/CEST [main] WARN  File ./res/javax/i18n4j/I18NJavaParser.tr could not be found!
java.io.FileNotFoundException: File ./res/javax/i18n4j/I18NJavaParser.tr could not be found!
	at javax.i18n4j.I18NFile.readWithJAXB(I18NFile.java:79)
	at javax.i18n4j.apps.I18NUpdate.readTranslations(I18NUpdate.java:119)
	at javax.i18n4j.apps.I18NUpdate.addNewSourcesToExistingFile(I18NUpdate.java:109)
	at javax.i18n4j.apps.I18NUpdate.processFile(I18NUpdate.java:92)
	at javax.i18n4j.apps.I18NUpdate.processFiles(I18NUpdate.java:81)
	at javax.i18n4j.apps.I18NUpdate.update(I18NUpdate.java:70)
	at javax.i18n4j.apps.I18NUpdate.main(I18NUpdate.java:136)
2009-09-19 11:40:09.145/CEST [main] INFO  Write translations to ./res/javax/i18n4j/I18NJavaParser.tr
2009-09-19 11:40:09.154/CEST [main] INFO  Process file ./src/javax/i18n4j/I18NFile.java...
2009-09-19 11:40:09.154/CEST [main] INFO  Scanning ./src/javax/i18n4j/I18NFile.java...
2009-09-19 11:40:09.179/CEST [main] INFO  Process file ./src/javax/i18n4j/Translator.java...
2009-09-19 11:40:09.181/CEST [main] INFO  Scanning ./src/javax/i18n4j/Translator.java...
2009-09-19 11:44:01.851/CEST [main] WARN  Input stream was not available!
2009-09-19 11:44:01.870/CEST [main] WARN  Could not read the translation '/javax/i18n4j/apps/I18NUpdate.en.tr' for context javax.i18n4j.apps.I18NUpdate!
2009-09-19 11:45:03.185/CEST [main] WARN  Input stream was not available!
2009-09-19 11:45:03.204/CEST [main] WARN  Could not read the translation '/javax/i18n4j/apps/I18NUpdate.en.tr' for context javax.i18n4j.apps.I18NUpdate!
2009-09-19 11:54:57.345/CEST [main] WARN  Input stream was not available!
2009-09-19 11:54:57.364/CEST [main] WARN  Could not read the translation '/javax/i18n4j/apps/I18NUpdate.de.tr' for context javax.i18n4j.apps.I18NUpdate!
2009-09-19 12:14:39.710/CEST [main] INFO  Process file ./.project...
2009-09-19 12:14:40.003/CEST [main] ERROR unexpected element (uri:"", local:"projectDescription"). Expected elements are <{http://ludwig.endofinternet.net}internationalization>,<{http://ludwig.endofinternet.net}location>,<{http://overstock.com/example}translation>
javax.xml.bind.UnmarshalException: unexpected element (uri:"", local:"projectDescription"). Expected elements are <{http://ludwig.endofinternet.net}internationalization>,<{http://ludwig.endofinternet.net}location>,<{http://overstock.com/example}translation>
	at com.sun.xml.internal.bind.v2.runtime.unmarshaller.UnmarshallingContext.handleEvent(UnmarshallingContext.java:631)
	at com.sun.xml.internal.bind.v2.runtime.unmarshaller.Loader.reportError(Loader.java:236)
	at com.sun.xml.internal.bind.v2.runtime.unmarshaller.Loader.reportError(Loader.java:231)
	at com.sun.xml.internal.bind.v2.runtime.unmarshaller.Loader.reportUnexpectedChildElement(Loader.java:105)
	at com.sun.xml.internal.bind.v2.runtime.unmarshaller.UnmarshallingContext$DefaultRootLoader.childElement(UnmarshallingContext.java:1038)
	at com.sun.xml.internal.bind.v2.runtime.unmarshaller.UnmarshallingContext._startElement(UnmarshallingContext.java:467)
	at com.sun.xml.internal.bind.v2.runtime.unmarshaller.UnmarshallingContext.startElement(UnmarshallingContext.java:448)
	at com.sun.xml.internal.bind.v2.runtime.unmarshaller.SAXConnector.startElement(SAXConnector.java:137)
	at com.sun.org.apache.xerces.internal.parsers.AbstractSAXParser.startElement(AbstractSAXParser.java:501)
	at com.sun.org.apache.xerces.internal.impl.XMLNSDocumentScannerImpl.scanStartElement(XMLNSDocumentScannerImpl.java:400)
	at com.sun.org.apache.xerces.internal.impl.XMLNSDocumentScannerImpl$NSContentDriver.scanRootElementHook(XMLNSDocumentScannerImpl.java:626)
	at com.sun.org.apache.xerces.internal.impl.XMLDocumentFragmentScannerImpl$FragmentContentDriver.next(XMLDocumentFragmentScannerImpl.java:3095)
	at com.sun.org.apache.xerces.internal.impl.XMLDocumentScannerImpl$PrologDriver.next(XMLDocumentScannerImpl.java:922)
	at com.sun.org.apache.xerces.internal.impl.XMLDocumentScannerImpl.next(XMLDocumentScannerImpl.java:648)
	at com.sun.org.apache.xerces.internal.impl.XMLNSDocumentScannerImpl.next(XMLNSDocumentScannerImpl.java:140)
	at com.sun.org.apache.xerces.internal.impl.XMLDocumentFragmentScannerImpl.scanDocument(XMLDocumentFragmentScannerImpl.java:510)
	at com.sun.org.apache.xerces.internal.parsers.XML11Configuration.parse(XML11Configuration.java:807)
	at com.sun.org.apache.xerces.internal.parsers.XML11Configuration.parse(XML11Configuration.java:737)
	at com.sun.org.apache.xerces.internal.parsers.XMLParser.parse(XMLParser.java:107)
	at com.sun.org.apache.xerces.internal.parsers.AbstractSAXParser.parse(AbstractSAXParser.java:1205)
	at com.sun.org.apache.xerces.internal.jaxp.SAXParserImpl$JAXPSAXParser.parse(SAXParserImpl.java:522)
	at com.sun.xml.internal.bind.v2.runtime.unmarshaller.UnmarshallerImpl.unmarshal0(UnmarshallerImpl.java:200)
	at com.sun.xml.internal.bind.v2.runtime.unmarshaller.UnmarshallerImpl.unmarshal(UnmarshallerImpl.java:173)
	at javax.xml.bind.helpers.AbstractUnmarshallerImpl.unmarshal(AbstractUnmarshallerImpl.java:137)
	at javax.xml.bind.helpers.AbstractUnmarshallerImpl.unmarshal(AbstractUnmarshallerImpl.java:142)
	at javax.xml.bind.helpers.AbstractUnmarshallerImpl.unmarshal(AbstractUnmarshallerImpl.java:151)
	at javax.xml.bind.helpers.AbstractUnmarshallerImpl.unmarshal(AbstractUnmarshallerImpl.java:169)
	at javax.i18n4j.I18NFile.readWithJAXB(I18NFile.java:85)
	at javax.i18n4j.apps.I18NRelease.processFile(I18NRelease.java:60)
	at javax.i18n4j.apps.I18NRelease.processFiles(I18NRelease.java:52)
	at javax.i18n4j.apps.I18NRelease.release(I18NRelease.java:41)
	at javax.i18n4j.apps.I18NRelease.main(I18NRelease.java:83)
2009-09-19 12:18:25.181/CEST [main] INFO  Process file ./src/javax/i18n4j/apps/I18NUpdate.java...
2009-09-19 12:18:25.216/CEST [main] INFO  Scanning ./src/javax/i18n4j/apps/I18NUpdate.java...
2009-09-19 12:18:25.355/CEST [main] INFO  Read ./res/javax/i18n4j/apps/I18NUpdate.i18n for translations...
2009-09-19 12:18:25.359/CEST [main] WARN  File ./res/javax/i18n4j/apps/I18NUpdate.i18n could not be found!
java.io.FileNotFoundException: File ./res/javax/i18n4j/apps/I18NUpdate.i18n could not be found!
	at javax.i18n4j.I18NFile.readWithJAXB(I18NFile.java:79)
	at javax.i18n4j.apps.I18NUpdate.readTranslations(I18NUpdate.java:119)
	at javax.i18n4j.apps.I18NUpdate.addNewSourcesToExistingFile(I18NUpdate.java:109)
	at javax.i18n4j.apps.I18NUpdate.processFile(I18NUpdate.java:92)
	at javax.i18n4j.apps.I18NUpdate.processFiles(I18NUpdate.java:81)
	at javax.i18n4j.apps.I18NUpdate.update(I18NUpdate.java:70)
	at javax.i18n4j.apps.I18NUpdate.main(I18NUpdate.java:138)
2009-09-19 12:18:25.363/CEST [main] INFO  Write translations to ./res/javax/i18n4j/apps/I18NUpdate.i18n
2009-09-19 12:18:25.618/CEST [main] INFO  Process file ./src/javax/i18n4j/apps/I18NRelease.java...
2009-09-19 12:18:25.620/CEST [main] INFO  Scanning ./src/javax/i18n4j/apps/I18NRelease.java...
2009-09-19 12:18:25.666/CEST [main] INFO  Read ./res/javax/i18n4j/apps/I18NRelease.i18n for translations...
2009-09-19 12:18:25.667/CEST [main] WARN  File ./res/javax/i18n4j/apps/I18NRelease.i18n could not be found!
java.io.FileNotFoundException: File ./res/javax/i18n4j/apps/I18NRelease.i18n could not be found!
	at javax.i18n4j.I18NFile.readWithJAXB(I18NFile.java:79)
	at javax.i18n4j.apps.I18NUpdate.readTranslations(I18NUpdate.java:119)
	at javax.i18n4j.apps.I18NUpdate.addNewSourcesToExistingFile(I18NUpdate.java:109)
	at javax.i18n4j.apps.I18NUpdate.processFile(I18NUpdate.java:92)
	at javax.i18n4j.apps.I18NUpdate.processFiles(I18NUpdate.java:81)
	at javax.i18n4j.apps.I18NUpdate.update(I18NUpdate.java:70)
	at javax.i18n4j.apps.I18NUpdate.main(I18NUpdate.java:138)
2009-09-19 12:18:25.668/CEST [main] INFO  Write translations to ./res/javax/i18n4j/apps/I18NRelease.i18n
2009-09-19 12:18:25.687/CEST [main] INFO  Process file ./src/javax/i18n4j/LanguageSet.java...
2009-09-19 12:18:25.688/CEST [main] INFO  Scanning ./src/javax/i18n4j/LanguageSet.java...
2009-09-19 12:18:25.700/CEST [main] INFO  Process file ./src/javax/i18n4j/MultiLanguageTranslations.java...
2009-09-19 12:18:25.701/CEST [main] INFO  Scanning ./src/javax/i18n4j/MultiLanguageTranslations.java...
2009-09-19 12:18:25.741/CEST [main] INFO  Process file ./src/javax/i18n4j/FileSearch.java...
2009-09-19 12:18:25.742/CEST [main] INFO  Scanning ./src/javax/i18n4j/FileSearch.java...
2009-09-19 12:18:25.749/CEST [main] INFO  Process file ./src/javax/i18n4j/SourceLocation.java...
2009-09-19 12:18:25.749/CEST [main] INFO  Scanning ./src/javax/i18n4j/SourceLocation.java...
2009-09-19 12:18:25.762/CEST [main] INFO  Process file ./src/javax/i18n4j/I18NJavaParser.java...
2009-09-19 12:18:25.763/CEST [main] INFO  Scanning ./src/javax/i18n4j/I18NJavaParser.java...
2009-09-19 12:18:25.858/CEST [main] INFO  Read ./res/javax/i18n4j/I18NJavaParser.i18n for translations...
2009-09-19 12:18:25.859/CEST [main] WARN  File ./res/javax/i18n4j/I18NJavaParser.i18n could not be found!
java.io.FileNotFoundException: File ./res/javax/i18n4j/I18NJavaParser.i18n could not be found!
	at javax.i18n4j.I18NFile.readWithJAXB(I18NFile.java:79)
	at javax.i18n4j.apps.I18NUpdate.readTranslations(I18NUpdate.java:119)
	at javax.i18n4j.apps.I18NUpdate.addNewSourcesToExistingFile(I18NUpdate.java:109)
	at javax.i18n4j.apps.I18NUpdate.processFile(I18NUpdate.java:92)
	at javax.i18n4j.apps.I18NUpdate.processFiles(I18NUpdate.java:81)
	at javax.i18n4j.apps.I18NUpdate.update(I18NUpdate.java:70)
	at javax.i18n4j.apps.I18NUpdate.main(I18NUpdate.java:138)
2009-09-19 12:18:25.860/CEST [main] INFO  Write translations to ./res/javax/i18n4j/I18NJavaParser.i18n
2009-09-19 12:18:25.868/CEST [main] INFO  Process file ./src/javax/i18n4j/I18NFile.java...
2009-09-19 12:18:25.869/CEST [main] INFO  Scanning ./src/javax/i18n4j/I18NFile.java...
2009-09-19 12:18:25.909/CEST [main] INFO  Process file ./src/javax/i18n4j/Translator.java...
2009-09-19 12:18:25.910/CEST [main] INFO  Scanning ./src/javax/i18n4j/Translator.java...
2009-09-19 12:18:45.414/CEST [main] INFO  Process file ./bin/javax/i18n4j/apps/I18NRelease.i18n...
2009-09-19 12:18:45.732/CEST [main] INFO  Process file ./bin/javax/i18n4j/apps/I18NUpdate.i18n...
2009-09-19 12:18:45.759/CEST [main] INFO  Process file ./bin/javax/i18n4j/I18NJavaParser.i18n...
2009-09-19 12:18:45.787/CEST [main] INFO  Process file ./res/javax/i18n4j/apps/I18NUpdate.i18n...
2009-09-19 12:18:45.813/CEST [main] INFO  Process file ./res/javax/i18n4j/apps/I18NRelease.i18n...
2009-09-19 12:18:45.841/CEST [main] INFO  Process file ./res/javax/i18n4j/I18NJavaParser.i18n...
2009-09-19 12:20:28.726/CEST [main] INFO  Process file ./bin/javax/i18n4j/apps/I18NUpdate.i18n...
2009-09-19 12:20:29.036/CEST [main] INFO  Process file ./bin/javax/i18n4j/apps/I18NRelease.i18n...
2009-09-19 12:20:29.062/CEST [main] INFO  Release language de to file I18NRelease.de.tr
2009-09-19 12:20:29.064/CEST [main] INFO  Process file ./bin/javax/i18n4j/I18NJavaParser.i18n...
2009-09-19 12:20:29.092/CEST [main] INFO  Process file ./res/javax/i18n4j/apps/I18NUpdate.i18n...
2009-09-19 12:20:29.118/CEST [main] INFO  Process file ./res/javax/i18n4j/apps/I18NRelease.i18n...
2009-09-19 12:20:29.142/CEST [main] INFO  Release language de to file I18NRelease.de.tr
2009-09-19 12:20:29.144/CEST [main] INFO  Process file ./res/javax/i18n4j/I18NJavaParser.i18n...
2009-09-19 12:23:39.685/CEST [main] INFO  Process file ./bin/javax/i18n4j/apps/I18NUpdate.i18n...
2009-09-19 12:23:40.063/CEST [main] INFO  Process file ./bin/javax/i18n4j/apps/I18NRelease.i18n...
2009-09-19 12:23:40.140/CEST [main] INFO  Release language de to file I18NRelease.de.tr
2009-09-19 12:23:40.142/CEST [main] INFO  Process file ./bin/javax/i18n4j/I18NJavaParser.i18n...
2009-09-19 12:23:40.187/CEST [main] INFO  Process file ./res/javax/i18n4j/apps/I18NUpdate.i18n...
2009-09-19 12:23:40.218/CEST [main] INFO  Process file ./res/javax/i18n4j/apps/I18NRelease.i18n...
2009-09-19 12:23:40.258/CEST [main] INFO  Release language de to file I18NRelease.de.tr
2009-09-19 12:23:40.260/CEST [main] INFO  Process file ./res/javax/i18n4j/I18NJavaParser.i18n...
2009-09-19 12:24:39.637/CEST [main] INFO  Process file ./bin/javax/i18n4j/apps/I18NUpdate.i18n...
2009-09-19 12:24:40.026/CEST [main] INFO  Process file ./bin/javax/i18n4j/apps/I18NRelease.i18n...
2009-09-19 12:24:40.057/CEST [main] INFO  Release language de to file I18NRelease.de.tr
2009-09-19 12:24:40.059/CEST [main] INFO  Process file ./bin/javax/i18n4j/I18NJavaParser.i18n...
2009-09-19 12:24:40.100/CEST [main] INFO  Process file ./res/javax/i18n4j/apps/I18NUpdate.i18n...
2009-09-19 12:24:40.138/CEST [main] INFO  Process file ./res/javax/i18n4j/apps/I18NRelease.i18n...
2009-09-19 12:24:40.170/CEST [main] INFO  Release language de to file I18NRelease.de.tr
2009-09-19 12:24:40.172/CEST [main] INFO  Process file ./res/javax/i18n4j/I18NJavaParser.i18n...
2009-09-19 12:25:17.557/CEST [main] TRACE Add fileI18NUpdate.i18n
2009-09-19 12:25:17.575/CEST [main] TRACE Add fileI18NRelease.i18n
2009-09-19 12:25:17.617/CEST [main] TRACE Add fileI18NJavaParser.i18n
2009-09-19 12:25:17.640/CEST [main] TRACE Add fileI18NUpdate.i18n
2009-09-19 12:25:17.644/CEST [main] TRACE Add fileI18NRelease.i18n
2009-09-19 12:25:17.653/CEST [main] TRACE Add fileI18NJavaParser.i18n
2009-09-19 12:26:00.959/CEST [main] INFO  Process file ./bin/javax/i18n4j/apps/I18NUpdate.i18n...
2009-09-19 12:26:01.394/CEST [main] INFO  Process file ./bin/javax/i18n4j/apps/I18NRelease.i18n...
2009-09-19 12:26:01.425/CEST [main] INFO  Release language de to file I18NRelease.de.tr
2009-09-19 12:26:01.428/CEST [main] INFO  Process file ./bin/javax/i18n4j/I18NJavaParser.i18n...
2009-09-19 12:26:01.470/CEST [main] INFO  Process file ./res/javax/i18n4j/apps/I18NUpdate.i18n...
2009-09-19 12:26:01.504/CEST [main] INFO  Process file ./res/javax/i18n4j/apps/I18NRelease.i18n...
2009-09-19 12:26:01.535/CEST [main] INFO  Release language de to file I18NRelease.de.tr
2009-09-19 12:26:01.537/CEST [main] INFO  Process file ./res/javax/i18n4j/I18NJavaParser.i18n...
2009-09-19 12:26:13.182/CEST [main] TRACE Add fileI18NUpdate.i18n
2009-09-19 12:26:13.207/CEST [main] TRACE Add fileI18NRelease.i18n
2009-09-19 12:26:13.247/CEST [main] TRACE Add fileI18NJavaParser.i18n
2009-09-19 12:26:13.268/CEST [main] TRACE Add fileI18NUpdate.i18n
2009-09-19 12:26:13.272/CEST [main] TRACE Add fileI18NRelease.i18n
2009-09-19 12:26:13.281/CEST [main] TRACE Add fileI18NJavaParser.i18n
2009-09-19 12:27:41.613/CEST [main] TRACE Add file./bin/javax/i18n4j/apps/I18NUpdate.i18n
2009-09-19 12:27:41.659/CEST [main] TRACE Add file./bin/javax/i18n4j/apps/I18NRelease.i18n
2009-09-19 12:27:41.764/CEST [main] TRACE Add file./bin/javax/i18n4j/I18NJavaParser.i18n
2009-09-19 12:27:41.823/CEST [main] TRACE Add file./res/javax/i18n4j/apps/I18NUpdate.i18n
2009-09-19 12:27:41.832/CEST [main] TRACE Add file./res/javax/i18n4j/apps/I18NRelease.i18n
2009-09-19 12:27:41.855/CEST [main] TRACE Add file./res/javax/i18n4j/I18NJavaParser.i18n
2009-09-19 12:28:18.431/CEST [main] TRACE Add fileres/javax/i18n4j/apps/I18NUpdate.i18n
2009-09-19 12:28:18.454/CEST [main] TRACE Add fileres/javax/i18n4j/apps/I18NRelease.i18n
2009-09-19 12:28:18.469/CEST [main] TRACE Add fileres/javax/i18n4j/I18NJavaParser.i18n
2009-09-19 12:28:18.474/CEST [main] INFO  Process file res/javax/i18n4j/apps/I18NUpdate.i18n...
2009-09-19 12:28:18.810/CEST [main] INFO  Process file res/javax/i18n4j/apps/I18NRelease.i18n...
2009-09-19 12:28:18.837/CEST [main] INFO  Release language de to file I18NRelease.de.tr
2009-09-19 12:28:18.839/CEST [main] INFO  Process file res/javax/i18n4j/I18NJavaParser.i18n...
2009-09-19 12:35:39.505/CEST [main] INFO  Process file res/javax/i18n4j/apps/I18NUpdate.i18n...
2009-09-19 12:35:39.855/CEST [main] ERROR unexpected element (uri:"http://ludwig.endofinternet.net", local:"internationalization"). Expected elements are <{http://i18n4java.sourceforge.net}internationalization>,<{http://ludwig.endofinternet.net}location>,<{http://overstock.com/example}translation>
javax.xml.bind.UnmarshalException: unexpected element (uri:"http://ludwig.endofinternet.net", local:"internationalization"). Expected elements are <{http://i18n4java.sourceforge.net}internationalization>,<{http://ludwig.endofinternet.net}location>,<{http://overstock.com/example}translation>
	at com.sun.xml.internal.bind.v2.runtime.unmarshaller.UnmarshallingContext.handleEvent(UnmarshallingContext.java:631)
	at com.sun.xml.internal.bind.v2.runtime.unmarshaller.Loader.reportError(Loader.java:236)
	at com.sun.xml.internal.bind.v2.runtime.unmarshaller.Loader.reportError(Loader.java:231)
	at com.sun.xml.internal.bind.v2.runtime.unmarshaller.Loader.reportUnexpectedChildElement(Loader.java:105)
	at com.sun.xml.internal.bind.v2.runtime.unmarshaller.UnmarshallingContext$DefaultRootLoader.childElement(UnmarshallingContext.java:1038)
	at com.sun.xml.internal.bind.v2.runtime.unmarshaller.UnmarshallingContext._startElement(UnmarshallingContext.java:467)
	at com.sun.xml.internal.bind.v2.runtime.unmarshaller.UnmarshallingContext.startElement(UnmarshallingContext.java:448)
	at com.sun.xml.internal.bind.v2.runtime.unmarshaller.SAXConnector.startElement(SAXConnector.java:137)
	at com.sun.org.apache.xerces.internal.parsers.AbstractSAXParser.startElement(AbstractSAXParser.java:501)
	at com.sun.org.apache.xerces.internal.impl.XMLNSDocumentScannerImpl.scanStartElement(XMLNSDocumentScannerImpl.java:400)
	at com.sun.org.apache.xerces.internal.impl.XMLNSDocumentScannerImpl$NSContentDriver.scanRootElementHook(XMLNSDocumentScannerImpl.java:626)
	at com.sun.org.apache.xerces.internal.impl.XMLDocumentFragmentScannerImpl$FragmentContentDriver.next(XMLDocumentFragmentScannerImpl.java:3095)
	at com.sun.org.apache.xerces.internal.impl.XMLDocumentScannerImpl$PrologDriver.next(XMLDocumentScannerImpl.java:922)
	at com.sun.org.apache.xerces.internal.impl.XMLDocumentScannerImpl.next(XMLDocumentScannerImpl.java:648)
	at com.sun.org.apache.xerces.internal.impl.XMLNSDocumentScannerImpl.next(XMLNSDocumentScannerImpl.java:140)
	at com.sun.org.apache.xerces.internal.impl.XMLDocumentFragmentScannerImpl.scanDocument(XMLDocumentFragmentScannerImpl.java:510)
	at com.sun.org.apache.xerces.internal.parsers.XML11Configuration.parse(XML11Configuration.java:807)
	at com.sun.org.apache.xerces.internal.parsers.XML11Configuration.parse(XML11Configuration.java:737)
	at com.sun.org.apache.xerces.internal.parsers.XMLParser.parse(XMLParser.java:107)
	at com.sun.org.apache.xerces.internal.parsers.AbstractSAXParser.parse(AbstractSAXParser.java:1205)
	at com.sun.org.apache.xerces.internal.jaxp.SAXParserImpl$JAXPSAXParser.parse(SAXParserImpl.java:522)
	at com.sun.xml.internal.bind.v2.runtime.unmarshaller.UnmarshallerImpl.unmarshal0(UnmarshallerImpl.java:200)
	at com.sun.xml.internal.bind.v2.runtime.unmarshaller.UnmarshallerImpl.unmarshal(UnmarshallerImpl.java:173)
	at javax.xml.bind.helpers.AbstractUnmarshallerImpl.unmarshal(AbstractUnmarshallerImpl.java:137)
	at javax.xml.bind.helpers.AbstractUnmarshallerImpl.unmarshal(AbstractUnmarshallerImpl.java:142)
	at javax.xml.bind.helpers.AbstractUnmarshallerImpl.unmarshal(AbstractUnmarshallerImpl.java:151)
	at javax.xml.bind.helpers.AbstractUnmarshallerImpl.unmarshal(AbstractUnmarshallerImpl.java:169)
	at javax.i18n4j.I18NFile.readMultiLanguageFile(I18NFile.java:85)
	at javax.i18n4j.apps.I18NRelease.processFile(I18NRelease.java:61)
	at javax.i18n4j.apps.I18NRelease.processFiles(I18NRelease.java:53)
	at javax.i18n4j.apps.I18NRelease.release(I18NRelease.java:42)
	at javax.i18n4j.apps.I18NRelease.main(I18NRelease.java:82)
2009-09-19 12:36:11.989/CEST [main] INFO  Process file res/javax/i18n4j/apps/I18NUpdate.i18n...
2009-09-19 12:36:12.362/CEST [main] ERROR unexpected element (uri:"http://ludwig.endofinternet.net", local:"internationalization"). Expected elements are <{}internationalization>,<{http://ludwig.endofinternet.net}location>,<{http://overstock.com/example}translation>
javax.xml.bind.UnmarshalException: unexpected element (uri:"http://ludwig.endofinternet.net", local:"internationalization"). Expected elements are <{}internationalization>,<{http://ludwig.endofinternet.net}location>,<{http://overstock.com/example}translation>
	at com.sun.xml.internal.bind.v2.runtime.unmarshaller.UnmarshallingContext.handleEvent(UnmarshallingContext.java:631)
	at com.sun.xml.internal.bind.v2.runtime.unmarshaller.Loader.reportError(Loader.java:236)
	at com.sun.xml.internal.bind.v2.runtime.unmarshaller.Loader.reportError(Loader.java:231)
	at com.sun.xml.internal.bind.v2.runtime.unmarshaller.Loader.reportUnexpectedChildElement(Loader.java:105)
	at com.sun.xml.internal.bind.v2.runtime.unmarshaller.UnmarshallingContext$DefaultRootLoader.childElement(UnmarshallingContext.java:1038)
	at com.sun.xml.internal.bind.v2.runtime.unmarshaller.UnmarshallingContext._startElement(UnmarshallingContext.java:467)
	at com.sun.xml.internal.bind.v2.runtime.unmarshaller.UnmarshallingContext.startElement(UnmarshallingContext.java:448)
	at com.sun.xml.internal.bind.v2.runtime.unmarshaller.SAXConnector.startElement(SAXConnector.java:137)
	at com.sun.org.apache.xerces.internal.parsers.AbstractSAXParser.startElement(AbstractSAXParser.java:501)
	at com.sun.org.apache.xerces.internal.impl.XMLNSDocumentScannerImpl.scanStartElement(XMLNSDocumentScannerImpl.java:400)
	at com.sun.org.apache.xerces.internal.impl.XMLNSDocumentScannerImpl$NSContentDriver.scanRootElementHook(XMLNSDocumentScannerImpl.java:626)
	at com.sun.org.apache.xerces.internal.impl.XMLDocumentFragmentScannerImpl$FragmentContentDriver.next(XMLDocumentFragmentScannerImpl.java:3095)
	at com.sun.org.apache.xerces.internal.impl.XMLDocumentScannerImpl$PrologDriver.next(XMLDocumentScannerImpl.java:922)
	at com.sun.org.apache.xerces.internal.impl.XMLDocumentScannerImpl.next(XMLDocumentScannerImpl.java:648)
	at com.sun.org.apache.xerces.internal.impl.XMLNSDocumentScannerImpl.next(XMLNSDocumentScannerImpl.java:140)
	at com.sun.org.apache.xerces.internal.impl.XMLDocumentFragmentScannerImpl.scanDocument(XMLDocumentFragmentScannerImpl.java:510)
	at com.sun.org.apache.xerces.internal.parsers.XML11Configuration.parse(XML11Configuration.java:807)
	at com.sun.org.apache.xerces.internal.parsers.XML11Configuration.parse(XML11Configuration.java:737)
	at com.sun.org.apache.xerces.internal.parsers.XMLParser.parse(XMLParser.java:107)
	at com.sun.org.apache.xerces.internal.parsers.AbstractSAXParser.parse(AbstractSAXParser.java:1205)
	at com.sun.org.apache.xerces.internal.jaxp.SAXParserImpl$JAXPSAXParser.parse(SAXParserImpl.java:522)
	at com.sun.xml.internal.bind.v2.runtime.unmarshaller.UnmarshallerImpl.unmarshal0(UnmarshallerImpl.java:200)
	at com.sun.xml.internal.bind.v2.runtime.unmarshaller.UnmarshallerImpl.unmarshal(UnmarshallerImpl.java:173)
	at javax.xml.bind.helpers.AbstractUnmarshallerImpl.unmarshal(AbstractUnmarshallerImpl.java:137)
	at javax.xml.bind.helpers.AbstractUnmarshallerImpl.unmarshal(AbstractUnmarshallerImpl.java:142)
	at javax.xml.bind.helpers.AbstractUnmarshallerImpl.unmarshal(AbstractUnmarshallerImpl.java:151)
	at javax.xml.bind.helpers.AbstractUnmarshallerImpl.unmarshal(AbstractUnmarshallerImpl.java:169)
	at javax.i18n4j.I18NFile.readMultiLanguageFile(I18NFile.java:85)
	at javax.i18n4j.apps.I18NRelease.processFile(I18NRelease.java:61)
	at javax.i18n4j.apps.I18NRelease.processFiles(I18NRelease.java:53)
	at javax.i18n4j.apps.I18NRelease.release(I18NRelease.java:42)
	at javax.i18n4j.apps.I18NRelease.main(I18NRelease.java:82)
2009-09-19 12:36:49.531/CEST [main] INFO  Process file ./src/javax/i18n4j/apps/I18NUpdate.java...
2009-09-19 12:36:49.551/CEST [main] INFO  Scanning ./src/javax/i18n4j/apps/I18NUpdate.java...
2009-09-19 12:36:49.653/CEST [main] INFO  Read ./res/javax/i18n4j/apps/I18NUpdate.i18n for translations...
2009-09-19 12:36:49.659/CEST [main] WARN  File ./res/javax/i18n4j/apps/I18NUpdate.i18n could not be found!
java.io.FileNotFoundException: File ./res/javax/i18n4j/apps/I18NUpdate.i18n could not be found!
	at javax.i18n4j.I18NFile.readMultiLanguageFile(I18NFile.java:79)
	at javax.i18n4j.apps.I18NUpdate.readTranslations(I18NUpdate.java:119)
	at javax.i18n4j.apps.I18NUpdate.addNewSourcesToExistingFile(I18NUpdate.java:109)
	at javax.i18n4j.apps.I18NUpdate.processFile(I18NUpdate.java:92)
	at javax.i18n4j.apps.I18NUpdate.processFiles(I18NUpdate.java:81)
	at javax.i18n4j.apps.I18NUpdate.update(I18NUpdate.java:70)
	at javax.i18n4j.apps.I18NUpdate.main(I18NUpdate.java:138)
2009-09-19 12:36:49.664/CEST [main] INFO  Write translations to ./res/javax/i18n4j/apps/I18NUpdate.i18n
2009-09-19 12:36:49.878/CEST [main] INFO  Process file ./src/javax/i18n4j/apps/I18NRelease.java...
2009-09-19 12:36:49.880/CEST [main] INFO  Scanning ./src/javax/i18n4j/apps/I18NRelease.java...
2009-09-19 12:36:49.962/CEST [main] INFO  Read ./res/javax/i18n4j/apps/I18NRelease.i18n for translations...
2009-09-19 12:36:49.964/CEST [main] WARN  File ./res/javax/i18n4j/apps/I18NRelease.i18n could not be found!
java.io.FileNotFoundException: File ./res/javax/i18n4j/apps/I18NRelease.i18n could not be found!
	at javax.i18n4j.I18NFile.readMultiLanguageFile(I18NFile.java:79)
	at javax.i18n4j.apps.I18NUpdate.readTranslations(I18NUpdate.java:119)
	at javax.i18n4j.apps.I18NUpdate.addNewSourcesToExistingFile(I18NUpdate.java:109)
	at javax.i18n4j.apps.I18NUpdate.processFile(I18NUpdate.java:92)
	at javax.i18n4j.apps.I18NUpdate.processFiles(I18NUpdate.java:81)
	at javax.i18n4j.apps.I18NUpdate.update(I18NUpdate.java:70)
	at javax.i18n4j.apps.I18NUpdate.main(I18NUpdate.java:138)
2009-09-19 12:36:49.967/CEST [main] INFO  Write translations to ./res/javax/i18n4j/apps/I18NRelease.i18n
2009-09-19 12:36:49.991/CEST [main] INFO  Process file ./src/javax/i18n4j/LanguageSet.java...
2009-09-19 12:36:49.992/CEST [main] INFO  Scanning ./src/javax/i18n4j/LanguageSet.java...
2009-09-19 12:36:50.090/CEST [main] INFO  Process file ./src/javax/i18n4j/MultiLanguageTranslations.java...
2009-09-19 12:36:50.092/CEST [main] INFO  Scanning ./src/javax/i18n4j/MultiLanguageTranslations.java...
2009-09-19 12:36:50.176/CEST [main] INFO  Process file ./src/javax/i18n4j/FileSearch.java...
2009-09-19 12:36:50.177/CEST [main] INFO  Scanning ./src/javax/i18n4j/FileSearch.java...
2009-09-19 12:36:50.250/CEST [main] INFO  Process file ./src/javax/i18n4j/SourceLocation.java...
2009-09-19 12:36:50.252/CEST [main] INFO  Scanning ./src/javax/i18n4j/SourceLocation.java...
2009-09-19 12:36:50.273/CEST [main] INFO  Process file ./src/javax/i18n4j/I18NJavaParser.java...
2009-09-19 12:36:50.275/CEST [main] INFO  Scanning ./src/javax/i18n4j/I18NJavaParser.java...
2009-09-19 12:36:50.445/CEST [main] INFO  Read ./res/javax/i18n4j/I18NJavaParser.i18n for translations...
2009-09-19 12:36:50.447/CEST [main] WARN  File ./res/javax/i18n4j/I18NJavaParser.i18n could not be found!
java.io.FileNotFoundException: File ./res/javax/i18n4j/I18NJavaParser.i18n could not be found!
	at javax.i18n4j.I18NFile.readMultiLanguageFile(I18NFile.java:79)
	at javax.i18n4j.apps.I18NUpdate.readTranslations(I18NUpdate.java:119)
	at javax.i18n4j.apps.I18NUpdate.addNewSourcesToExistingFile(I18NUpdate.java:109)
	at javax.i18n4j.apps.I18NUpdate.processFile(I18NUpdate.java:92)
	at javax.i18n4j.apps.I18NUpdate.processFiles(I18NUpdate.java:81)
	at javax.i18n4j.apps.I18NUpdate.update(I18NUpdate.java:70)
	at javax.i18n4j.apps.I18NUpdate.main(I18NUpdate.java:138)
2009-09-19 12:36:50.450/CEST [main] INFO  Write translations to ./res/javax/i18n4j/I18NJavaParser.i18n
2009-09-19 12:36:50.486/CEST [main] INFO  Process file ./src/javax/i18n4j/I18NFile.java...
2009-09-19 12:36:50.487/CEST [main] INFO  Scanning ./src/javax/i18n4j/I18NFile.java...
2009-09-19 12:36:50.495/CEST [main] INFO  Process file ./src/javax/i18n4j/Translator.java...
2009-09-19 12:36:50.495/CEST [main] INFO  Scanning ./src/javax/i18n4j/Translator.java...
2009-09-19 12:36:50.515/CEST [main] INFO  Process file ./src/javax/i18n4j/SingleLanguageTranslations.java...
2009-09-19 12:36:50.516/CEST [main] INFO  Scanning ./src/javax/i18n4j/SingleLanguageTranslations.java...
2009-09-19 12:36:53.691/CEST [main] INFO  Process file res/javax/i18n4j/apps/I18NUpdate.i18n...
2009-09-19 12:36:54.000/CEST [main] INFO  Process file res/javax/i18n4j/apps/I18NRelease.i18n...
2009-09-19 12:36:54.023/CEST [main] INFO  Process file res/javax/i18n4j/I18NJavaParser.i18n...
2009-09-19 12:38:12.332/CEST [main] INFO  Process file res/javax/i18n4j/apps/I18NUpdate.i18n...
2009-09-19 12:38:12.668/CEST [main] INFO  Process file res/javax/i18n4j/apps/I18NRelease.i18n...
2009-09-19 12:38:12.695/CEST [main] INFO  Release language de to file I18NRelease.de.tr
2009-09-19 12:38:12.696/CEST [main] INFO  Process file res/javax/i18n4j/I18NJavaParser.i18n...
2009-09-19 12:42:48.379/CEST [main] INFO  Process file res/javax/i18n4j/apps/I18NUpdate.i18n...
2009-09-19 12:42:48.712/CEST [main] INFO  Process file res/javax/i18n4j/apps/I18NRelease.i18n...
2009-09-19 12:42:48.738/CEST [main] INFO  Release language de to file I18NRelease.de.tr
2009-09-19 12:42:48.758/CEST [main] INFO  Process file res/javax/i18n4j/I18NJavaParser.i18n...
2009-09-19 12:44:01.604/CEST [main] INFO  Process file res/javax/i18n4j/apps/I18NUpdate.i18n...
2009-09-19 12:44:01.969/CEST [main] INFO  Process file res/javax/i18n4j/apps/I18NRelease.i18n...
2009-09-19 12:44:02.000/CEST [main] INFO  Release language de to file I18NRelease.de.tr
2009-09-19 12:44:02.028/CEST [main] INFO  Process file res/javax/i18n4j/I18NJavaParser.i18n...
2009-09-19 12:44:58.821/CEST [main] INFO  Process file res/javax/i18n4j/apps/I18NUpdate.i18n...
2009-09-19 12:44:59.135/CEST [main] INFO  Process file res/javax/i18n4j/apps/I18NRelease.i18n...
2009-09-19 12:44:59.159/CEST [main] INFO  Release language de to file res/javax/i18n4j/apps/I18NRelease.de.tr
2009-09-19 12:44:59.177/CEST [main] INFO  Process file res/javax/i18n4j/I18NJavaParser.i18n...
2009-09-19 12:45:24.191/CEST [main] ERROR unexpected element (uri:"", local:"translations"). Expected elements are <{}internationalization>,<{http://ludwig.endofinternet.net}location>,<{http://overstock.com/example}translation>
javax.xml.bind.UnmarshalException: unexpected element (uri:"", local:"translations"). Expected elements are <{}internationalization>,<{http://ludwig.endofinternet.net}location>,<{http://overstock.com/example}translation>
	at com.sun.xml.internal.bind.v2.runtime.unmarshaller.UnmarshallingContext.handleEvent(UnmarshallingContext.java:631)
	at com.sun.xml.internal.bind.v2.runtime.unmarshaller.Loader.reportError(Loader.java:236)
	at com.sun.xml.internal.bind.v2.runtime.unmarshaller.Loader.reportError(Loader.java:231)
	at com.sun.xml.internal.bind.v2.runtime.unmarshaller.Loader.reportUnexpectedChildElement(Loader.java:105)
	at com.sun.xml.internal.bind.v2.runtime.unmarshaller.UnmarshallingContext$DefaultRootLoader.childElement(UnmarshallingContext.java:1038)
	at com.sun.xml.internal.bind.v2.runtime.unmarshaller.UnmarshallingContext._startElement(UnmarshallingContext.java:467)
	at com.sun.xml.internal.bind.v2.runtime.unmarshaller.UnmarshallingContext.startElement(UnmarshallingContext.java:448)
	at com.sun.xml.internal.bind.v2.runtime.unmarshaller.SAXConnector.startElement(SAXConnector.java:137)
	at com.sun.org.apache.xerces.internal.parsers.AbstractSAXParser.startElement(AbstractSAXParser.java:501)
	at com.sun.org.apache.xerces.internal.impl.XMLNSDocumentScannerImpl.scanStartElement(XMLNSDocumentScannerImpl.java:400)
	at com.sun.org.apache.xerces.internal.impl.XMLNSDocumentScannerImpl$NSContentDriver.scanRootElementHook(XMLNSDocumentScannerImpl.java:626)
	at com.sun.org.apache.xerces.internal.impl.XMLDocumentFragmentScannerImpl$FragmentContentDriver.next(XMLDocumentFragmentScannerImpl.java:3095)
	at com.sun.org.apache.xerces.internal.impl.XMLDocumentScannerImpl$PrologDriver.next(XMLDocumentScannerImpl.java:922)
	at com.sun.org.apache.xerces.internal.impl.XMLDocumentScannerImpl.next(XMLDocumentScannerImpl.java:648)
	at com.sun.org.apache.xerces.internal.impl.XMLNSDocumentScannerImpl.next(XMLNSDocumentScannerImpl.java:140)
	at com.sun.org.apache.xerces.internal.impl.XMLDocumentFragmentScannerImpl.scanDocument(XMLDocumentFragmentScannerImpl.java:510)
	at com.sun.org.apache.xerces.internal.parsers.XML11Configuration.parse(XML11Configuration.java:807)
	at com.sun.org.apache.xerces.internal.parsers.XML11Configuration.parse(XML11Configuration.java:737)
	at com.sun.org.apache.xerces.internal.parsers.XMLParser.parse(XMLParser.java:107)
	at com.sun.org.apache.xerces.internal.parsers.AbstractSAXParser.parse(AbstractSAXParser.java:1205)
	at com.sun.org.apache.xerces.internal.jaxp.SAXParserImpl$JAXPSAXParser.parse(SAXParserImpl.java:522)
	at com.sun.xml.internal.bind.v2.runtime.unmarshaller.UnmarshallerImpl.unmarshal0(UnmarshallerImpl.java:200)
	at com.sun.xml.internal.bind.v2.runtime.unmarshaller.UnmarshallerImpl.unmarshal(UnmarshallerImpl.java:173)
	at javax.xml.bind.helpers.AbstractUnmarshallerImpl.unmarshal(AbstractUnmarshallerImpl.java:137)
	at javax.xml.bind.helpers.AbstractUnmarshallerImpl.unmarshal(AbstractUnmarshallerImpl.java:184)
	at javax.i18n4j.I18NFile.readReadMultiLanguageFile(I18NFile.java:100)
	at javax.i18n4j.Translator.readContextTranslation(Translator.java:189)
	at javax.i18n4j.Translator.i18n(Translator.java:202)
	at javax.i18n4j.apps.I18NRelease.<init>(I18NRelease.java:35)
	at javax.i18n4j.apps.I18NRelease.main(I18NRelease.java:92)
2009-09-19 12:45:43.884/CEST [main] ERROR unexpected element (uri:"", local:"translations"). Expected elements are <{}internationalization>,<{http://ludwig.endofinternet.net}location>,<{http://overstock.com/example}translation>
javax.xml.bind.UnmarshalException: unexpected element (uri:"", local:"translations"). Expected elements are <{}internationalization>,<{http://ludwig.endofinternet.net}location>,<{http://overstock.com/example}translation>
	at com.sun.xml.internal.bind.v2.runtime.unmarshaller.UnmarshallingContext.handleEvent(UnmarshallingContext.java:631)
	at com.sun.xml.internal.bind.v2.runtime.unmarshaller.Loader.reportError(Loader.java:236)
	at com.sun.xml.internal.bind.v2.runtime.unmarshaller.Loader.reportError(Loader.java:231)
	at com.sun.xml.internal.bind.v2.runtime.unmarshaller.Loader.reportUnexpectedChildElement(Loader.java:105)
	at com.sun.xml.internal.bind.v2.runtime.unmarshaller.UnmarshallingContext$DefaultRootLoader.childElement(UnmarshallingContext.java:1038)
	at com.sun.xml.internal.bind.v2.runtime.unmarshaller.UnmarshallingContext._startElement(UnmarshallingContext.java:467)
	at com.sun.xml.internal.bind.v2.runtime.unmarshaller.UnmarshallingContext.startElement(UnmarshallingContext.java:448)
	at com.sun.xml.internal.bind.v2.runtime.unmarshaller.SAXConnector.startElement(SAXConnector.java:137)
	at com.sun.org.apache.xerces.internal.parsers.AbstractSAXParser.startElement(AbstractSAXParser.java:501)
	at com.sun.org.apache.xerces.internal.impl.XMLNSDocumentScannerImpl.scanStartElement(XMLNSDocumentScannerImpl.java:400)
	at com.sun.org.apache.xerces.internal.impl.XMLNSDocumentScannerImpl$NSContentDriver.scanRootElementHook(XMLNSDocumentScannerImpl.java:626)
	at com.sun.org.apache.xerces.internal.impl.XMLDocumentFragmentScannerImpl$FragmentContentDriver.next(XMLDocumentFragmentScannerImpl.java:3095)
	at com.sun.org.apache.xerces.internal.impl.XMLDocumentScannerImpl$PrologDriver.next(XMLDocumentScannerImpl.java:922)
	at com.sun.org.apache.xerces.internal.impl.XMLDocumentScannerImpl.next(XMLDocumentScannerImpl.java:648)
	at com.sun.org.apache.xerces.internal.impl.XMLNSDocumentScannerImpl.next(XMLNSDocumentScannerImpl.java:140)
	at com.sun.org.apache.xerces.internal.impl.XMLDocumentFragmentScannerImpl.scanDocument(XMLDocumentFragmentScannerImpl.java:510)
	at com.sun.org.apache.xerces.internal.parsers.XML11Configuration.parse(XML11Configuration.java:807)
	at com.sun.org.apache.xerces.internal.parsers.XML11Configuration.parse(XML11Configuration.java:737)
	at com.sun.org.apache.xerces.internal.parsers.XMLParser.parse(XMLParser.java:107)
	at com.sun.org.apache.xerces.internal.parsers.AbstractSAXParser.parse(AbstractSAXParser.java:1205)
	at com.sun.org.apache.xerces.internal.jaxp.SAXParserImpl$JAXPSAXParser.parse(SAXParserImpl.java:522)
	at com.sun.xml.internal.bind.v2.runtime.unmarshaller.UnmarshallerImpl.unmarshal0(UnmarshallerImpl.java:200)
	at com.sun.xml.internal.bind.v2.runtime.unmarshaller.UnmarshallerImpl.unmarshal(UnmarshallerImpl.java:173)
	at javax.xml.bind.helpers.AbstractUnmarshallerImpl.unmarshal(AbstractUnmarshallerImpl.java:137)
	at javax.xml.bind.helpers.AbstractUnmarshallerImpl.unmarshal(AbstractUnmarshallerImpl.java:184)
	at javax.i18n4j.I18NFile.readReadMultiLanguageFile(I18NFile.java:100)
	at javax.i18n4j.Translator.readContextTranslation(Translator.java:189)
	at javax.i18n4j.Translator.i18n(Translator.java:202)
	at javax.i18n4j.apps.I18NRelease.<init>(I18NRelease.java:35)
	at javax.i18n4j.apps.I18NRelease.main(I18NRelease.java:92)
